0 info it worked if it ends with ok
1 verbose cli [ 'C:\\dev\\prog\\node.exe',
1 verbose cli   'C:\\dev\\prog\\npm\\node_modules\\npm\\bin\\npm-cli.js',
1 verbose cli   'start' ]
2 info using npm@4.0.5
3 info using node@v6.9.2
4 verbose run-script [ 'prestart', 'start', 'poststart' ]
5 info lifecycle week_1_challenge@1.0.0~prestart: week_1_challenge@1.0.0
6 silly lifecycle week_1_challenge@1.0.0~prestart: no script for prestart, continuing
7 info lifecycle week_1_challenge@1.0.0~start: week_1_challenge@1.0.0
8 verbose lifecycle week_1_challenge@1.0.0~start: unsafe-perm in lifecycle true
9 verbose lifecycle week_1_challenge@1.0.0~start: PATH: C:\dev\prog\npm\node_modules\npm\bin\node-gyp-bin;C:\dev\test\w\re\chuukloset\node_modules\.bin;C:\Users\dt207817\bin;C:\Program Files (x86)\DST\SCM\Git\mingw64\bin;C:\Program Files (x86)\DST\SCM\Git\usr\local\bin;C:\Program Files (x86)\DST\SCM\Git\usr\bin;C:\Program Files (x86)\DST\SCM\Git\usr\bin;C:\Program Files (x86)\DST\SCM\Git\mingw64\bin;C:\Program Files (x86)\DST\SCM\Git\usr\bin;C:\Users\dt207817\bin;C:\dev\prog\jruby-9.1.12.0\bin;C:\ProgramData\Oracle\Java\javapath;C:\Windows\system32;C:\Windows;C:\Windows\System32\Wbem;C:\Windows\System32\WindowsPowerShell\v1.0;C:\PROGRA~2\IBM\SQLLIB\BIN;C:\PROGRA~2\IBM\SQLLIB\FUNCTION;C:\PROGRA~2\IBM\SQLLIB\SAMPLES\REPL;C:\Program Files\TortoiseSVN\bin;C:\Program Files\BMC Software\BladeLogic\NSH\bin;C:\Program Files\TortoiseGit\bin;C:\Program Files (x86)\GnuWin32\bin;C:\tools\port\apache-maven-3.2.5\bin;C:\Program Files (x86)\IBM\Client Access\Emulator;C:\Program Files (x86)\IBM\Client Access\Shared;C:\Program Files (x86)\IBM\Client Access;C:\Program Files (x86)\DST\SCM\Git\cmd;C:\dev\prog;C:\Users\dt207817\AppData\Local\Programs\Python\Python35-32;C:\Windows\System32\WindowsPowerShell\v1.0;C:\dev\tools\GitExtensions;C:\Windows\System32\WindowsPowerShell\v1.0;C:\dev\tools\gradle-4.0.1\bin;C:\Program Files\dotnet;C:\Program Files\Microsoft SQL Server\130\Tools\Binn;C:\dev\prog\Geth;C:\dev\prog\Go\bin;C:\Ruby23-x64\bin;C:\dev\prog\Anaconda3;C:\dev\prog\Anaconda3\Scripts;C:\dev\prog\Anaconda3\Library\bin;C:\Users\dt207817\AppData\Local\atom\bin;C:\Program Files\Docker Toolbox;C:\dev\prog\npm;C:\Users\dt207817\AppData\Roaming\npm;C:\Program Files (x86)\Microsoft VS Code\bin;C:\Program Files\MongoDB\Server\3.4\bin;C:\Program Files (x86)\DST\SCM\Git\usr\bin\vendor_perl;C:\Program Files (x86)\DST\SCM\Git\usr\bin\core_perl
10 verbose lifecycle week_1_challenge@1.0.0~start: CWD: C:\dev\test\w\re\chuukloset
11 silly lifecycle week_1_challenge@1.0.0~start: Args: [ '/d /s /c', 'node app' ]
12 silly lifecycle week_1_challenge@1.0.0~start: Returned: code: 1  signal: null
13 info lifecycle week_1_challenge@1.0.0~start: Failed to exec start script
14 verbose stack Error: week_1_challenge@1.0.0 start: `node app`
14 verbose stack Exit status 1
14 verbose stack     at EventEmitter.<anonymous> (C:\dev\prog\npm\node_modules\npm\lib\utils\lifecycle.js:279:16)
14 verbose stack     at emitTwo (events.js:106:13)
14 verbose stack     at EventEmitter.emit (events.js:191:7)
14 verbose stack     at ChildProcess.<anonymous> (C:\dev\prog\npm\node_modules\npm\lib\utils\spawn.js:40:14)
14 verbose stack     at emitTwo (events.js:106:13)
14 verbose stack     at ChildProcess.emit (events.js:191:7)
14 verbose stack     at maybeClose (internal/child_process.js:877:16)
14 verbose stack     at Process.ChildProcess._handle.onexit (internal/child_process.js:226:5)
15 verbose pkgid week_1_challenge@1.0.0
16 verbose cwd C:\dev\test\w\re\chuukloset
17 error Windows_NT 6.1.7601
18 error argv "C:\\dev\\prog\\node.exe" "C:\\dev\\prog\\npm\\node_modules\\npm\\bin\\npm-cli.js" "start"
19 error node v6.9.2
20 error npm  v4.0.5
21 error code ELIFECYCLE
22 error week_1_challenge@1.0.0 start: `node app`
22 error Exit status 1
23 error Failed at the week_1_challenge@1.0.0 start script 'node app'.
23 error Make sure you have the latest version of node.js and npm installed.
23 error If you do, this is most likely a problem with the week_1_challenge package,
23 error not with npm itself.
23 error Tell the author that this fails on your system:
23 error     node app
23 error You can get information on how to open an issue for this project with:
23 error     npm bugs week_1_challenge
23 error Or if that isn't available, you can get their info via:
23 error     npm owner ls week_1_challenge
23 error There is likely additional logging output above.
24 verbose exit [ 1, true ]
